  Game.cpp
D:\Projects\EverydayChallenge\RayLib\Game\PhysicCommon.h(105,80): warning C4244: 'argument': conversion from 'float' to 'int', possible loss of data
  (compiling source file 'Game.cpp')
  
D:\Projects\EverydayChallenge\RayLib\Game\PhysicCommon.h(105,58): warning C4244: 'argument': conversion from 'float' to 'int', possible loss of data
  (compiling source file 'Game.cpp')
  
D:\Projects\EverydayChallenge\RayLib\Game\PhysicCommon.h(162,13): warning C4305: 'initializing': truncation from 'int' to 'float'
  (compiling source file 'Game.cpp')
  
D:\Projects\EverydayChallenge\RayLib\Game\PhysicCommon.h(162,45): warning C4305: 'initializing': truncation from 'int' to 'float'
  (compiling source file 'Game.cpp')
  
D:\Projects\EverydayChallenge\RayLib\Game\PhysicCommon.h(210,17): warning C4244: '=': conversion from 'double' to 'float', possible loss of data
  (compiling source file 'Game.cpp')
  
D:\Projects\EverydayChallenge\RayLib\Game\PhysicCommon.h(229,73): warning C4244: 'argument': conversion from 'float' to 'int', possible loss of data
  (compiling source file 'Game.cpp')
  
D:\Projects\EverydayChallenge\RayLib\Game\PhysicCommon.h(229,48): warning C4244: 'argument': conversion from 'float' to 'int', possible loss of data
  (compiling source file 'Game.cpp')
  
D:\Projects\EverydayChallenge\RayLib\Game\PhysicCommon.h(230,74): warning C4244: 'argument': conversion from 'float' to 'int', possible loss of data
  (compiling source file 'Game.cpp')
  
D:\Projects\EverydayChallenge\RayLib\Game\PhysicCommon.h(230,49): warning C4244: 'argument': conversion from 'float' to 'int', possible loss of data
  (compiling source file 'Game.cpp')
  
D:\Projects\EverydayChallenge\RayLib\Game\PhysicCommon.h(231,74): warning C4244: 'argument': conversion from 'float' to 'int', possible loss of data
  (compiling source file 'Game.cpp')
  
D:\Projects\EverydayChallenge\RayLib\Game\PhysicCommon.h(231,49): warning C4244: 'argument': conversion from 'float' to 'int', possible loss of data
  (compiling source file 'Game.cpp')
  
D:\Projects\EverydayChallenge\RayLib\Game\PhysicCommon.h(288,24): warning C4244: '=': conversion from 'double' to 'float', possible loss of data
  (compiling source file 'Game.cpp')
  
D:\Projects\EverydayChallenge\RayLib\Game\PhysicCommon.h(289,24): warning C4244: '=': conversion from 'double' to 'float', possible loss of data
  (compiling source file 'Game.cpp')
  
D:\Projects\EverydayChallenge\RayLib\Game\PhysicCommon.h(292,74): warning C4244: 'argument': conversion from 'float' to 'int', possible loss of data
  (compiling source file 'Game.cpp')
  
D:\Projects\EverydayChallenge\RayLib\Game\PhysicCommon.h(292,54): warning C4244: 'argument': conversion from 'float' to 'int', possible loss of data
  (compiling source file 'Game.cpp')
  
D:\Projects\EverydayChallenge\RayLib\Game\PhysicCommon.h(293,74): warning C4244: 'argument': conversion from 'float' to 'int', possible loss of data
  (compiling source file 'Game.cpp')
  
D:\Projects\EverydayChallenge\RayLib\Game\PhysicCommon.h(293,54): warning C4244: 'argument': conversion from 'float' to 'int', possible loss of data
  (compiling source file 'Game.cpp')
  
D:\Projects\EverydayChallenge\RayLib\Game\PhysicCommon.h(301,24): warning C4244: '=': conversion from 'double' to 'float', possible loss of data
  (compiling source file 'Game.cpp')
  
D:\Projects\EverydayChallenge\RayLib\Game\PhysicCommon.h(302,24): warning C4244: '=': conversion from 'double' to 'float', possible loss of data
  (compiling source file 'Game.cpp')
  
D:\Projects\EverydayChallenge\RayLib\Game\PhysicCommon.h(304,74): warning C4244: 'argument': conversion from 'float' to 'int', possible loss of data
  (compiling source file 'Game.cpp')
  
D:\Projects\EverydayChallenge\RayLib\Game\PhysicCommon.h(304,54): warning C4244: 'argument': conversion from 'float' to 'int', possible loss of data
  (compiling source file 'Game.cpp')
  
D:\Projects\EverydayChallenge\RayLib\Game\PhysicCommon.h(305,74): warning C4244: 'argument': conversion from 'float' to 'int', possible loss of data
  (compiling source file 'Game.cpp')
  
D:\Projects\EverydayChallenge\RayLib\Game\PhysicCommon.h(305,54): warning C4244: 'argument': conversion from 'float' to 'int', possible loss of data
  (compiling source file 'Game.cpp')
  
  Game.vcxproj -> D:\Projects\EverydayChallenge\RayLib\Game\x64\Debug\Game.exe
